0 silly argv {
0 silly argv   _: [ 'run' ],
0 silly argv   lernaVersion: '4.0.0',
0 silly argv   '$0': '/var/folders/dc/qlq7mcj91dvg1833drz3xmy40000gn/T/fnm_multishell_73978_1623960627940/bin/lerna',
0 silly argv   script: 'tsc'
0 silly argv }
1 notice cli v4.0.0
2 verbose rootPath /Users/joep/dev/src/github.com/atomicdata-dev/atomic-data-browser
3 error JSONError: Unexpected token "}" (0x7D) in JSON at position 163 while parsing near "...    \"tsc\": \"tsc\",\n  },\n  \"author\": \"\",\n ..." in atomic-react/package.json
3 error
3 error [0m [90m  6 |[39m     [32m"test"[39m[33m:[39m [32m"echo \"Error: no test specified\" && exit 1"[39m[33m,[39m[0m
3 error [0m [90m  7 |[39m     [32m"tsc"[39m[33m:[39m [32m"tsc"[39m[33m,[39m[0m
3 error [0m[31m[1m>[22m[39m[90m  8 |[39m   }[33m,[39m[0m
3 error [0m [90m    |[39m   [31m[1m^[22m[39m[0m
3 error [0m [90m  9 |[39m   [32m"author"[39m[33m:[39m [32m""[39m[33m,[39m[0m
3 error [0m [90m 10 |[39m   [32m"license"[39m[33m:[39m [32m"ISC"[39m[33m,[39m[0m
3 error [0m [90m 11 |[39m   [32m"main"[39m[33m:[39m [32m"src/index.ts"[39m[0m
3 error
3 error     at parseJson (/Users/joep/dev/src/github.com/atomicdata-dev/atomic-data-browser/node_modules/parse-json/index.js:29:21)
3 error     at parse (/Users/joep/dev/src/github.com/atomicdata-dev/atomic-data-browser/node_modules/load-json-file/index.js:15:9)
3 error     at module.exports (/Users/joep/dev/src/github.com/atomicdata-dev/atomic-data-browser/node_modules/load-json-file/index.js:18:47)
